#
# A fatal error has been detected by the Java Runtime Environment:
#
#  EXCEPTION_ACCESS_VIOLATION (0xc0000005) at pc=0x0000000054678ad5, pid=14652, tid=18300
#
# JRE version: Java(TM) SE Runtime Environment (8.0_73-b02) (build 1.8.0_73-b02)
# Java VM: Java HotSpot(TM) 64-Bit Server VM (25.73-b02 mixed mode windows-amd64 compressed oops)
# Problematic frame:
# V  [jvm.dll+0x128ad5]
#
# Failed to write core dump. Minidumps are not enabled by default on client versions of Windows
#
# If you would like to submit a bug report, please visit:
#   http://bugreport.java.com/bugreport/crash.jsp
#

---------------  T H R E A D  ---------------

Current thread (0x000000001d2e8800):  JavaThread "JDWP Transport Listener: dt_socket" daemon [_thread_in_vm, id=18300, stack(0x000000001e0d0000,0x000000001e1d0000)]

siginfo: ExceptionCode=0xc0000005, reading address 0x000005c100c18101

Registers:
RAX=0x000000001e1cf601, RBX=0x000000001d2e8800, RCX=0x000005c100c18101, RDX=0x0000000000000000
RSP=0x000000001e1cf660, RBP=0x000005c100c18101, RSI=0x000000001e1cf778, RDI=0x00000000021a9b40
R8 =0x000000001d2e8800, R9 =0x000000000000ff00, R10=0x7274532f676e616c, R11=0x00001d4804040061
R12=0x0000000000000000, R13=0x000000001d2eef78, R14=0x0000000000000000, R15=0x0000000000000000
RIP=0x0000000054678ad5, EFLAGS=0x0000000000010202

Top of Stack: (sp=0x000000001e1cf660)
0x000000001e1cf660:   000000001d2e8800 000000001d2e8800
0x000000001e1cf670:   000000001e1cf728 000000005487e34b
0x000000001e1cf680:   000000001d2e8800 000000005489abad
0x000000001e1cf690:   000000000000004c 000000005eca9155
0x000000001e1cf6a0:   00000000213692e0 000000005ecb291e
0x000000001e1cf6b0:   000000001d2e8800 0000000000000000
0x000000001e1cf6c0:   0000000000000000 0000000000000000
0x000000001e1cf6d0:   000005c100c18101 000000005ecb1a15
0x000000001e1cf6e0:   000000001e1cf778 000000001e1cf750
0x000000001e1cf6f0:   0000000000000001 00000000213692e0
0x000000001e1cf700:   000005c100c18101 000000005ec953b3
0x000000001e1cf710:   000000001e1cf840 0000000000000001
0x000000001e1cf720:   0000000000000001 00000000213692e0
0x000000001e1cf730:   0000000000000001 0000000000000000
0x000000001e1cf740:   0000000000000000 0000000000000000
0x000000001e1cf750:   0000000000000001 000000005ec95571 

Instructions: (pc=0x0000000054678ad5)
0x0000000054678ab5:   cc cc cc cc cc cc cc cc cc cc cc 48 83 ec 28 48
0x0000000054678ac5:   85 c9 75 07 33 c0 48 83 c4 28 c3 48 89 5c 24 20
0x0000000054678ad5:   48 8b 19 48 85 db 74 20 48 83 fb 37 74 1a 48 8b
0x0000000054678ae5:   13 48 8b cb ff 52 10 84 c0 74 0d 48 8b c3 48 8b 


Register to memory mapping:

RAX=0x000000001e1cf601 is pointing into the stack for thread: 0x000000001d2e8800
RBX=0x000000001d2e8800 is a thread
RCX=0x000005c100c18101 is an unknown value
RDX=0x0000000000000000 is an unknown value
RSP=0x000000001e1cf660 is pointing into the stack for thread: 0x000000001d2e8800
RBP=0x000005c100c18101 is an unknown value
RSI=0x000000001e1cf778 is pointing into the stack for thread: 0x000000001d2e8800
RDI=0x00000000021a9b40 is an unknown value
R8 =0x000000001d2e8800 is a thread
R9 =0x000000000000ff00 is an unknown value
R10=0x7274532f676e616c is an unknown value
R11=0x00001d4804040061 is an unknown value
R12=0x0000000000000000 is an unknown value
R13=0x000000001d2eef78 is an unknown value
R14=0x0000000000000000 is an unknown value
R15=0x0000000000000000 is an unknown value


Stack: [0x000000001e0d0000,0x000000001e1d0000],  sp=0x000000001e1cf660,  free space=1021k
Native frames: (J=compiled Java code, j=interpreted, Vv=VM code, C=native code)
V  [jvm.dll+0x128ad5]
V  [jvm.dll+0x34abad]
C  [jdwp.dll+0x21a15]
C  [jdwp.dll+0x53b3]
C  [jdwp.dll+0x5571]
C  [jdwp.dll+0xf0a8]
C  [jdwp.dll+0x1f2d5]
C  [jdwp.dll+0x1f4aa]
V  [jvm.dll+0x1bbb58]
V  [jvm.dll+0x243234]
V  [jvm.dll+0x29a10a]
C  [msvcr100.dll+0x21d9f]
C  [msvcr100.dll+0x21e3b]
C  [kernel32.dll+0x159cd]
C  [ntdll.dll+0x2a561]


---------------  P R O C E S S  ---------------

Java Threads: ( => current thread )
  0x00000000205ec800 JavaThread "Exec Stream Pumper" daemon [_thread_in_native, id=10668, stack(0x0000000022500000,0x0000000022600000)]
  0x000000001ffe7000 JavaThread "Exec Stream Pumper" daemon [_thread_in_native, id=14452, stack(0x000000001e580000,0x000000001e680000)]
  0x0000000021102000 JavaThread "Exec Default Executor" daemon [_thread_in_native, id=12112, stack(0x0000000022210000,0x0000000022310000)]
  0x000000001ee6e800 JavaThread "ReaderThread" [_thread_in_native, id=12624, stack(0x000000001f5c0000,0x000000001f6c0000)]
  0x000000001d382800 JavaThread "Service Thread" daemon [_thread_blocked, id=18296, stack(0x000000001ea50000,0x000000001eb50000)]
  0x000000001d348800 JavaThread "C1 CompilerThread2" daemon [_thread_blocked, id=7652, stack(0x000000001e8b0000,0x000000001e9b0000)]
  0x000000001d306800 JavaThread "C2 CompilerThread1" daemon [_thread_blocked, id=11728, stack(0x000000001e680000,0x000000001e780000)]
  0x000000001d304000 JavaThread "C2 CompilerThread0" daemon [_thread_blocked, id=13900, stack(0x000000001dce0000,0x000000001dde0000)]
  0x000000001d301800 JavaThread "JDWP Command Reader" daemon [_thread_in_native, id=18332, stack(0x000000001e450000,0x000000001e550000)]
  0x000000001d2f4800 JavaThread "JDWP Event Helper Thread" daemon [_thread_blocked, id=13080, stack(0x000000001e220000,0x000000001e320000)]
=>0x000000001d2e8800 JavaThread "JDWP Transport Listener: dt_socket" daemon [_thread_in_vm, id=18300, stack(0x000000001e0d0000,0x000000001e1d0000)]
  0x000000001bf2d000 JavaThread "Attach Listener" daemon [_thread_blocked, id=15112, stack(0x000000001d970000,0x000000001da70000)]
  0x000000001bf2c000 JavaThread "Signal Dispatcher" daemon [_thread_blocked, id=8244, stack(0x000000001d780000,0x000000001d880000)]
  0x000000001bece000 JavaThread "Finalizer" daemon [_thread_blocked, id=10556, stack(0x000000001d1e0000,0x000000001d2e0000)]
  0x000000001bec7000 JavaThread "Reference Handler" daemon [_thread_blocked, id=12216, stack(0x000000001d0e0000,0x000000001d1e0000)]
  0x000000000200b000 JavaThread "main" [_thread_blocked, id=18108, stack(0x0000000002450000,0x0000000002550000)]

Other Threads:
  0x000000001bebe000 VMThread [stack: 0x000000001ce40000,0x000000001cf40000] [id=12040]
  0x000000001d3a4000 WatcherThread [stack: 0x000000001ebd0000,0x000000001ecd0000] [id=14968]

VM state:not at safepoint (normal execution)

VM Mutex/Monitor currently owned by a thread: None

Heap:
 PSYoungGen      total 218624K, used 11367K [0x000000076b500000, 0x0000000784600000, 0x00000007c0000000)
  eden space 207872K, 5% used [0x000000076b500000,0x000000076bf99e40,0x0000000778000000)
  from space 10752K, 4% used [0x0000000778000000,0x0000000778080000,0x0000000778a80000)
  to   space 52736K, 0% used [0x0000000781280000,0x0000000781280000,0x0000000784600000)
 ParOldGen       total 238592K, used 69159K [0x00000006c1e00000, 0x00000006d0700000, 0x000000076b500000)
  object space 238592K, 28% used [0x00000006c1e00000,0x00000006c6189f58,0x00000006d0700000)
 Metaspace       used 31797K, capacity 32230K, committed 32560K, reserved 1077248K
  class space    used 3646K, capacity 3771K, committed 3888K, reserved 1048576K

Card table byte_map: [0x0000000011be0000,0x00000000123e0000] byte_map_base: 0x000000000e5d1000

Marking Bits: (ParMarkBitMap*) 0x0000000054d60600
 Begin Bits: [0x0000000012e20000, 0x0000000016da8000)
 End Bits:   [0x0000000016da8000, 0x000000001ad30000)

Polling page: 0x0000000000220000

CodeCache: size=245760Kb used=15150Kb max_used=15752Kb free=230609Kb
 bounds [0x0000000002820000, 0x00000000037c0000, 0x0000000011820000]
 total_blobs=4600 nmethods=4113 adapters=407
 compilation: enabled

Compilation events (10 events):
Event: 261.001 Thread 0x000000001d304000 4760       4       com.google.common.collect.ImmutableList::iterator (5 bytes)
Event: 261.005 Thread 0x000000001d304000 nmethod 4760 0x0000000002dab3d0 code [0x0000000002dab540, 0x0000000002daba78]
Event: 265.662 Thread 0x000000001d306800 4761       4       java.util.ArrayList::addAll (54 bytes)
Event: 265.667 Thread 0x000000001d306800 nmethod 4761 0x000000000311f090 code [0x000000000311f1e0, 0x000000000311f758]
Event: 266.180 Thread 0x000000001d304000 4762       4       java.lang.reflect.Field::getAnnotation (23 bytes)
Event: 266.180 Thread 0x000000001d348800 4763       3       org.openqa.selenium.support.ui.WebDriverWait::<init> (40 bytes)
Event: 266.181 Thread 0x000000001d348800 nmethod 4763 0x0000000002a7b550 code [0x0000000002a7b760, 0x0000000002a7c258]
Event: 266.181 Thread 0x000000001d348800 4764       3       org.openqa.selenium.support.ui.FluentWait$1::<init> (10 bytes)
Event: 266.181 Thread 0x000000001d348800 nmethod 4764 0x0000000002efb9d0 code [0x0000000002efbb20, 0x0000000002efbcf0]
Event: 266.186 Thread 0x000000001d304000 nmethod 4762 0x000000000324c410 code [0x000000000324c5a0, 0x000000000324cb38]

GC Heap History (10 events):
Event: 3.546 GC heap before
{Heap before GC invocations=3 (full 1):
 PSYoungGen      total 141824K, used 8767K [0x000000076b500000, 0x0000000774a00000, 0x00000007c0000000)
  eden space 131072K, 0% used [0x000000076b500000,0x000000076b500000,0x0000000773500000)
  from space 10752K, 81% used [0x0000000773f80000,0x000000077480fc50,0x0000000774a00000)
  to   space 10752K, 0% used [0x0000000773500000,0x0000000773500000,0x0000000773f80000)
 ParOldGen       total 175104K, used 490K [0x00000006c1e00000, 0x00000006cc900000, 0x000000076b500000)
  object space 175104K, 0% used [0x00000006c1e00000,0x00000006c1e7aab8,0x00000006cc900000)
 Metaspace       used 20958K, capacity 21178K, committed 21296K, reserved 1069056K
  class space    used 2495K, capacity 2581K, committed 2608K, reserved 1048576K
Event: 3.585 GC heap after
Heap after GC invocations=3 (full 1):
 PSYoungGen      total 141824K, used 0K [0x000000076b500000, 0x0000000774a00000, 0x00000007c0000000)
  eden space 131072K, 0% used [0x000000076b500000,0x000000076b500000,0x0000000773500000)
  from space 10752K, 0% used [0x0000000773f80000,0x0000000773f80000,0x0000000774a00000)
  to   space 10752K, 0% used [0x0000000773500000,0x0000000773500000,0x0000000773f80000)
 ParOldGen       total 101888K, used 8587K [0x00000006c1e00000, 0x00000006c8180000, 0x000000076b500000)
  object space 101888K, 8% used [0x00000006c1e00000,0x00000006c2662cf8,0x00000006c8180000)
 Metaspace       used 20958K, capacity 21178K, committed 21296K, reserved 1069056K
  class space    used 2495K, capacity 2581K, committed 2608K, reserved 1048576K
}
Event: 6.717 GC heap before
{Heap before GC invocations=4 (full 1):
 PSYoungGen      total 141824K, used 131072K [0x000000076b500000, 0x0000000774a00000, 0x00000007c0000000)
  eden space 131072K, 100% used [0x000000076b500000,0x0000000773500000,0x0000000773500000)
  from space 10752K, 0% used [0x0000000773f80000,0x0000000773f80000,0x0000000774a00000)
  to   space 10752K, 0% used [0x0000000773500000,0x0000000773500000,0x0000000773f80000)
 ParOldGen       total 101888K, used 8587K [0x00000006c1e00000, 0x00000006c8180000, 0x000000076b500000)
  object space 101888K, 8% used [0x00000006c1e00000,0x00000006c2662cf8,0x00000006c8180000)
 Metaspace       used 29617K, capacity 29984K, committed 30384K, reserved 1075200K
  class space    used 3514K, capacity 3634K, committed 3760K, reserved 1048576K
Event: 6.766 GC heap after
Heap after GC invocations=4 (full 1):
 PSYoungGen      total 141824K, used 10733K [0x000000076b500000, 0x0000000779500000, 0x00000007c0000000)
  eden space 131072K, 0% used [0x000000076b500000,0x000000076b500000,0x0000000773500000)
  from space 10752K, 99% used [0x0000000773500000,0x0000000773f7b690,0x0000000773f80000)
  to   space 10752K, 0% used [0x0000000778a80000,0x0000000778a80000,0x0000000779500000)
 ParOldGen       total 101888K, used 38218K [0x00000006c1e00000, 0x00000006c8180000, 0x000000076b500000)
  object space 101888K, 37% used [0x00000006c1e00000,0x00000006c43528e0,0x00000006c8180000)
 Metaspace       used 29617K, capacity 29984K, committed 30384K, reserved 1075200K
  class space    used 3514K, capacity 3634K, committed 3760K, reserved 1048576K
}
Event: 101.136 GC heap before
{Heap before GC invocations=5 (full 1):
 PSYoungGen      total 141824K, used 141805K [0x000000076b500000, 0x0000000779500000, 0x00000007c0000000)
  eden space 131072K, 100% used [0x000000076b500000,0x0000000773500000,0x0000000773500000)
  from space 10752K, 99% used [0x0000000773500000,0x0000000773f7b690,0x0000000773f80000)
  to   space 10752K, 0% used [0x0000000778a80000,0x0000000778a80000,0x0000000779500000)
 ParOldGen       total 101888K, used 38218K [0x00000006c1e00000, 0x00000006c8180000, 0x000000076b500000)
  object space 101888K, 37% used [0x00000006c1e00000,0x00000006c43528e0,0x00000006c8180000)
 Metaspace       used 31296K, capacity 31688K, committed 31920K, reserved 1077248K
  class space    used 3618K, capacity 3726K, committed 3760K, reserved 1048576K
Event: 101.209 GC heap after
Heap after GC invocations=5 (full 1):
 PSYoungGen      total 209920K, used 10735K [0x000000076b500000, 0x0000000779500000, 0x00000007c0000000)
  eden space 199168K, 0% used [0x000000076b500000,0x000000076b500000,0x0000000777780000)
  from space 10752K, 99% used [0x0000000778a80000,0x00000007794fbe08,0x0000000779500000)
  to   space 10752K, 0% used [0x0000000778000000,0x0000000778000000,0x0000000778a80000)
 ParOldGen       total 101888K, used 65621K [0x00000006c1e00000, 0x00000006c8180000, 0x000000076b500000)
  object space 101888K, 64% used [0x00000006c1e00000,0x00000006c5e157c8,0x00000006c8180000)
 Metaspace       used 31296K, capacity 31688K, committed 31920K, reserved 1077248K
  class space    used 3618K, capacity 3726K, committed 3760K, reserved 1048576K
}
Event: 101.209 GC heap before
{Heap before GC invocations=6 (full 2):
 PSYoungGen      total 209920K, used 10735K [0x000000076b500000, 0x0000000779500000, 0x00000007c0000000)
  eden space 199168K, 0% used [0x000000076b500000,0x000000076b500000,0x0000000777780000)
  from space 10752K, 99% used [0x0000000778a80000,0x00000007794fbe08,0x0000000779500000)
  to   space 10752K, 0% used [0x0000000778000000,0x0000000778000000,0x0000000778a80000)
 ParOldGen       total 101888K, used 65621K [0x00000006c1e00000, 0x00000006c8180000, 0x000000076b500000)
  object space 101888K, 64% used [0x00000006c1e00000,0x00000006c5e157c8,0x00000006c8180000)
 Metaspace       used 31296K, capacity 31688K, committed 31920K, reserved 1077248K
  class space    used 3618K, capacity 3726K, committed 3760K, reserved 1048576K
Event: 101.669 GC heap after
Heap after GC invocations=6 (full 2):
 PSYoungGen      total 209920K, used 0K [0x000000076b500000, 0x0000000779500000, 0x00000007c0000000)
  eden space 199168K, 0% used [0x000000076b500000,0x000000076b500000,0x0000000777780000)
  from space 10752K, 0% used [0x0000000778a80000,0x0000000778a80000,0x0000000779500000)
  to   space 10752K, 0% used [0x0000000778000000,0x0000000778000000,0x0000000778a80000)
 ParOldGen       total 238592K, used 69151K [0x00000006c1e00000, 0x00000006d0700000, 0x000000076b500000)
  object space 238592K, 28% used [0x00000006c1e00000,0x00000006c6187f58,0x00000006d0700000)
 Metaspace       used 31296K, capacity 31688K, committed 31920K, reserved 1077248K
  class space    used 3618K, capacity 3726K, committed 3760K, reserved 1048576K
}
Event: 214.495 GC heap before
{Heap before GC invocations=7 (full 2):
 PSYoungGen      total 209920K, used 199168K [0x000000076b500000, 0x0000000779500000, 0x00000007c0000000)
  eden space 199168K, 100% used [0x000000076b500000,0x0000000777780000,0x0000000777780000)
  from space 10752K, 0% used [0x0000000778a80000,0x0000000778a80000,0x0000000779500000)
  to   space 10752K, 0% used [0x0000000778000000,0x0000000778000000,0x0000000778a80000)
 ParOldGen       total 238592K, used 69151K [0x00000006c1e00000, 0x00000006d0700000, 0x000000076b500000)
  object space 238592K, 28% used [0x00000006c1e00000,0x00000006c6187f58,0x00000006d0700000)
 Metaspace       used 31699K, capacity 32076K, committed 32304K, reserved 1077248K
  class space    used 3640K, capacity 3766K, committed 3888K, reserved 1048576K
Event: 214.520 GC heap after
Heap after GC invocations=7 (full 2):
 PSYoungGen      total 218624K, used 512K [0x000000076b500000, 0x0000000784600000, 0x00000007c0000000)
  eden space 207872K, 0% used [0x000000076b500000,0x000000076b500000,0x0000000778000000)
  from space 10752K, 4% used [0x0000000778000000,0x0000000778080000,0x0000000778a80000)
  to   space 52736K, 0% used [0x0000000781280000,0x0000000781280000,0x0000000784600000)
 ParOldGen       total 238592K, used 69159K [0x00000006c1e00000, 0x00000006d0700000, 0x000000076b500000)
  object space 238592K, 28% used [0x00000006c1e00000,0x00000006c6189f58,0x00000006d0700000)
 Metaspace       used 31699K, capacity 32076K, committed 32304K, reserved 1077248K
  class space    used 3640K, capacity 3766K, committed 3888K, reserved 1048576K
}

Deoptimization events (10 events):
Event: 264.109 Thread 0x000000000200b000 Uncommon trap: reason=unhandled action=none pc=0x0000000002f56414 method=java.lang.Class.getConstructor0([Ljava/lang/Class;I)Ljava/lang/reflect/Constructor; @ 102
Event: 264.629 Thread 0x000000000200b000 Uncommon trap: reason=unhandled action=none pc=0x0000000002f56414 method=java.lang.Class.getConstructor0([Ljava/lang/Class;I)Ljava/lang/reflect/Constructor; @ 102
Event: 264.629 Thread 0x000000000200b000 Uncommon trap: reason=unhandled action=none pc=0x0000000002f56414 method=java.lang.Class.getConstructor0([Ljava/lang/Class;I)Ljava/lang/reflect/Constructor; @ 102
Event: 265.140 Thread 0x000000000200b000 Uncommon trap: reason=unhandled action=none pc=0x0000000002f56414 method=java.lang.Class.getConstructor0([Ljava/lang/Class;I)Ljava/lang/reflect/Constructor; @ 102
Event: 265.140 Thread 0x000000000200b000 Uncommon trap: reason=unhandled action=none pc=0x0000000002f56414 method=java.lang.Class.getConstructor0([Ljava/lang/Class;I)Ljava/lang/reflect/Constructor; @ 102
Event: 265.662 Thread 0x000000000200b000 Uncommon trap: reason=unhandled action=none pc=0x0000000002f56414 method=java.lang.Class.getConstructor0([Ljava/lang/Class;I)Ljava/lang/reflect/Constructor; @ 102
Event: 265.662 Thread 0x000000000200b000 Uncommon trap: reason=unhandled action=none pc=0x0000000002f56414 method=java.lang.Class.getConstructor0([Ljava/lang/Class;I)Ljava/lang/reflect/Constructor; @ 102
Event: 266.179 Thread 0x000000000200b000 Uncommon trap: reason=unhandled action=none pc=0x0000000002f56414 method=java.lang.Class.getConstructor0([Ljava/lang/Class;I)Ljava/lang/reflect/Constructor; @ 102
Event: 266.181 Thread 0x000000000200b000 Uncommon trap: reason=unhandled action=none pc=0x0000000002f56414 method=java.lang.Class.getConstructor0([Ljava/lang/Class;I)Ljava/lang/reflect/Constructor; @ 102
Event: 266.699 Thread 0x000000000200b000 Uncommon trap: reason=unhandled action=none pc=0x0000000002f56414 method=java.lang.Class.getConstructor0([Ljava/lang/Class;I)Ljava/lang/reflect/Constructor; @ 102

Internal exceptions (10 events):
Event: 288.966 Thread 0x000000000200b000 Exception <a 'java/net/SocketTimeoutException': Read timed out> (0x000000076bb15f78) thrown at [D:\re\puppet\workspace\8-2-build-windows-amd64-cygwin\jdk8u73\6086\hotspot\src\share\vm\prims\jni.cpp, line 735]
Event: 291.972 Thread 0x000000000200b000 Exception <a 'java/net/SocketTimeoutException': Read timed out> (0x000000076bb46300) thrown at [D:\re\puppet\workspace\8-2-build-windows-amd64-cygwin\jdk8u73\6086\hotspot\src\share\vm\prims\jni.cpp, line 735]
Event: 291.973 Thread 0x000000000200b000 Exception <a 'java/net/SocketTimeoutException': Read timed out> (0x000000076bb469a8) thrown at [D:\re\puppet\workspace\8-2-build-windows-amd64-cygwin\jdk8u73\6086\hotspot\src\share\vm\prims\jni.cpp, line 735]
Event: 292.504 Thread 0x000000000200b000 Exception <a 'java/net/SocketTimeoutException': Read timed out> (0x000000076bb52d48) thrown at [D:\re\puppet\workspace\8-2-build-windows-amd64-cygwin\jdk8u73\6086\hotspot\src\share\vm\prims\jni.cpp, line 735]
Event: 293.031 Thread 0x000000000200b000 Exception <a 'java/net/SocketTimeoutException': Read timed out> (0x000000076bb5f0e8) thrown at [D:\re\puppet\workspace\8-2-build-windows-amd64-cygwin\jdk8u73\6086\hotspot\src\share\vm\prims\jni.cpp, line 735]
Event: 293.555 Thread 0x000000000200b000 Exception <a 'java/net/SocketTimeoutException': Read timed out> (0x000000076bb6b488) thrown at [D:\re\puppet\workspace\8-2-build-windows-amd64-cygwin\jdk8u73\6086\hotspot\src\share\vm\prims\jni.cpp, line 735]
Event: 294.083 Thread 0x000000000200b000 Exception <a 'java/net/SocketTimeoutException': Read timed out> (0x000000076bb77828) thrown at [D:\re\puppet\workspace\8-2-build-windows-amd64-cygwin\jdk8u73\6086\hotspot\src\share\vm\prims\jni.cpp, line 735]
Event: 294.610 Thread 0x000000000200b000 Exception <a 'java/net/SocketTimeoutException': Read timed out> (0x000000076bb83bc8) thrown at [D:\re\puppet\workspace\8-2-build-windows-amd64-cygwin\jdk8u73\6086\hotspot\src\share\vm\prims\jni.cpp, line 735]
Event: 295.132 Thread 0x000000000200b000 Exception <a 'java/net/SocketTimeoutException': Read timed out> (0x000000076bb8ff68) thrown at [D:\re\puppet\workspace\8-2-build-windows-amd64-cygwin\jdk8u73\6086\hotspot\src\share\vm\prims\jni.cpp, line 735]
Event: 295.657 Thread 0x000000000200b000 Exception <a 'java/net/SocketTimeoutException': Read timed out> (0x000000076bb9c308) thrown at [D:\re\puppet\workspace\8-2-build-windows-amd64-cygwin\jdk8u73\6086\hotspot\src\share\vm\prims\jni.cpp, line 735]

Events (10 events):
Event: 379.912 Executing VM operation: EnterInterpOnlyMode
Event: 379.912 Executing nested VM operation: Deoptimize
Event: 379.912 Executing nested VM operation: Deoptimize done
Event: 379.912 Executing VM operation: EnterInterpOnlyMode done
Event: 379.912 Executing VM operation: ChangeSingleStep
Event: 379.912 Executing VM operation: ChangeSingleStep done
Event: 379.912 Executing VM operation: ChangeSingleStep
Event: 379.912 Executing VM operation: ChangeSingleStep done
Event: 379.927 Executing VM operation: RedefineClasses
Event: 379.953 Executing VM operation: RedefineClasses done


Dynamic libraries:
0x000000013f140000 - 0x000000013f177000 	C:\Program Files\Java\jdk1.8.0_73\bin\javaw.exe
0x0000000077890000 - 0x0000000077a3a000 	C:\windows\SYSTEM32\ntdll.dll
0x0000000077670000 - 0x000000007778f000 	C:\windows\system32\kernel32.dll
0x000007fefd6d0000 - 0x000007fefd73a000 	C:\windows\system32\KERNELBASE.dll
0x000007fefecb0000 - 0x000007fefed8b000 	C:\windows\system32\ADVAPI32.dll
0x000007fefebf0000 - 0x000007fefec8f000 	C:\windows\system32\msvcrt.dll
0x000007fefdd00000 - 0x000007fefdd1f000 	C:\windows\SYSTEM32\sechost.dll
0x000007feff600000 - 0x000007feff72d000 	C:\windows\system32\RPCRT4.dll
0x0000000077790000 - 0x000000007788a000 	C:\windows\system32\USER32.dll
0x000007feffa00000 - 0x000007feffa67000 	C:\windows\system32\GDI32.dll
0x000007fefeca0000 - 0x000007fefecae000 	C:\windows\system32\LPK.dll
0x000007feff020000 - 0x000007feff0ea000 	C:\windows\system32\USP10.dll
0x000007fefb990000 - 0x000007fefbb84000 	C:\windows\WinSxS\amd64_microsoft.windows.common-controls_6595b64144ccf1df_6.0.7601.18837_none_fa3b1e3d17594757\COMCTL32.dll
0x000007fefeb70000 - 0x000007fefebe1000 	C:\windows\system32\SHLWAPI.dll
0x000007fefd980000 - 0x000007fefd9ae000 	C:\windows\system32\IMM32.DLL
0x000007fefd9b0000 - 0x000007fefdab9000 	C:\windows\system32\MSCTF.dll
0x0000000078bb0000 - 0x0000000078c82000 	C:\Program Files\Java\jdk1.8.0_73\jre\bin\msvcr100.dll
0x0000000054550000 - 0x0000000054de0000 	C:\Program Files\Java\jdk1.8.0_73\jre\bin\server\jvm.dll
0x000007fefa4f0000 - 0x000007fefa4f9000 	C:\windows\system32\WSOCK32.dll
0x000007feffb50000 - 0x000007feffb9d000 	C:\windows\system32\WS2_32.dll
0x000007fefec90000 - 0x000007fefec98000 	C:\windows\system32\NSI.dll
0x000007fefc2a0000 - 0x000007fefc2db000 	C:\windows\system32\WINMM.dll
0x000007fefc910000 - 0x000007fefc91c000 	C:\windows\system32\VERSION.dll
0x0000000077a50000 - 0x0000000077a57000 	C:\windows\system32\PSAPI.DLL
0x00000000741f0000 - 0x00000000741ff000 	C:\Program Files\Java\jdk1.8.0_73\jre\bin\verify.dll
0x0000000073f60000 - 0x0000000073f89000 	C:\Program Files\Java\jdk1.8.0_73\jre\bin\java.dll
0x000000005ec90000 - 0x000000005ecc5000 	C:\Program Files\Java\jdk1.8.0_73\jre\bin\jdwp.dll
0x0000000069470000 - 0x0000000069478000 	C:\Program Files\Java\jdk1.8.0_73\jre\bin\npt.dll
0x0000000073f40000 - 0x0000000073f56000 	C:\Program Files\Java\jdk1.8.0_73\jre\bin\zip.dll
0x000007fefdde0000 - 0x000007fefeb6a000 	C:\windows\system32\SHELL32.dll
0x000007fefee10000 - 0x000007feff013000 	C:\windows\system32\ole32.dll
0x000007fefd5d0000 - 0x000007fefd5df000 	C:\windows\system32\profapi.dll
0x000000005ed70000 - 0x000000005ed79000 	C:\Program Files\Java\jdk1.8.0_73\jre\bin\dt_socket.dll
0x000007fefaf20000 - 0x000007fefaf35000 	C:\windows\system32\NLAapi.dll
0x000007feee510000 - 0x000007feee525000 	C:\windows\system32\napinsp.dll
0x000007feee4b0000 - 0x000007feee4c9000 	C:\windows\system32\pnrpnsp.dll
0x000007fefcd80000 - 0x000007fefcdd5000 	C:\windows\System32\mswsock.dll
0x000007fefcc10000 - 0x000007fefcc6b000 	C:\windows\system32\DNSAPI.dll
0x000007feee830000 - 0x000007feee83b000 	C:\windows\System32\winrnr.dll
0x000007feee400000 - 0x000007feee410000 	C:\windows\system32\wshbth.dll
0x0000000072990000 - 0x00000000729b6000 	C:\Program Files\Bonjour\mdnsNSP.dll
0x000007fefb360000 - 0x000007fefb387000 	C:\windows\system32\Iphlpapi.DLL
0x000007fefb350000 - 0x000007fefb35b000 	C:\windows\system32\WINNSI.DLL
0x000007fef6240000 - 0x000007fef6293000 	C:\windows\System32\fwpuclnt.dll
0x000007fef41f0000 - 0x000007fef41f8000 	C:\windows\system32\rasadhlp.dll
0x000007fefc670000 - 0x000007fefc677000 	C:\windows\System32\wshtcpip.dll
0x0000000073ef0000 - 0x0000000073f0a000 	C:\Program Files\Java\jdk1.8.0_73\jre\bin\net.dll
0x000007fefcf20000 - 0x000007fefcf27000 	C:\windows\System32\wship6.dll
0x000007fefd400000 - 0x000007fefd457000 	C:\windows\system32\apphelp.dll
0x000000005ed60000 - 0x000000005ed6d000 	C:\Program Files\Java\jdk1.8.0_73\jre\bin\management.dll
0x0000000073ed0000 - 0x0000000073ee1000 	C:\Program Files\Java\jdk1.8.0_73\jre\bin\nio.dll
0x000007fefcf30000 - 0x000007fefcf48000 	C:\windows\system32\CRYPTSP.dll
0x000007fefcad0000 - 0x000007fefcb17000 	C:\windows\system32\rsaenh.dll
0x000007fefd5e0000 - 0x000007fefd5fe000 	C:\windows\system32\USERENV.dll
0x000007fefd460000 - 0x000007fefd46f000 	C:\windows\system32\CRYPTBASE.dll
0x000007fef3780000 - 0x000007fef3798000 	C:\windows\system32\dhcpcsvc.DLL
0x000007fef3760000 - 0x000007fef3771000 	C:\windows\system32\dhcpcsvc6.DLL
0x0000000073ea0000 - 0x0000000073ec4000 	C:\Program Files\Java\jdk1.8.0_73\jre\bin\sunec.dll
0x000007fefa560000 - 0x000007fefa685000 	C:\windows\system32\dbghelp.dll

VM Arguments:
jvm_args: -agentlib:jdwp=transport=dt_socket,suspend=y,address=localhost:56389 -Dfile.encoding=Cp1252 
java_command: org.eclipse.jdt.internal.junit.runner.RemoteTestRunner -version 3 -port 56388 -testLoaderClass org.eclipse.jdt.internal.junit4.runner.JUnit4TestLoader -loaderpluginname org.eclipse.jdt.junit4.runtime -test surveyor.regression.mobile.source.ComplianceReportsInvestigationPageTest3:TC1763_MobileUserAbleToEditOtherSource[0: TC1763, 1, 2, 243, 3]
java_class_path (initial): C:\Repositories\surveyor-qa\bin;C:\Repositories\surveyor-qa\selenium-wd\lib\ant-junit-1.8.0.jar;C:\Repositories\surveyor-qa\selenium-wd\lib\commons-csv-1.2.jar;C:\Repositories\surveyor-qa\selenium-wd\lib\groovy-2.4.5.jar;C:\Repositories\surveyor-qa\selenium-wd\lib\groovy-all-2.3.6.jar;C:\Repositories\surveyor-qa\selenium-wd\lib\http-builder-0.6.jar;C:\Repositories\surveyor-qa\selenium-wd\lib\imagecomparison-0.3.2.jar;C:\Repositories\surveyor-qa\selenium-wd\lib\junit-4.12.jar;C:\Repositories\surveyor-qa\selenium-wd\lib\pdfbox-1.8.10.jar;C:\Repositories\surveyor-qa\selenium-wd\lib\pdfbox-app-1.8.10.jar;C:\Repositories\surveyor-qa\selenium-wd\lib\poi-ooxml-schemas-3.13-20150929.jar;C:\Repositories\surveyor-qa\selenium-wd\lib\poi-scratchpad-3.13-20150929.jar;C:\Repositories\surveyor-qa\selenium-wd\lib\poi-examples-3.13-20150929.jar;C:\Repositories\surveyor-qa\selenium-wd\lib\poi-excelant-3.13-20150929.jar;C:\Repositories\surveyor-qa\selenium-wd\lib\poi-ooxml-3.13-20150929.jar;C:\Repositories\surveyor-qa\selenium-wd\lib\poi-3.13-20150929.jar;C:\Repositories\surveyor-qa\selenium-wd\lib\sqljdbc42.jar;C:\Repositories\surveyor-qa\selenium-wd\lib\xmlbeans-2.6.0.jar;C:\Repositories\surveyor-qa\selenium-wd\lib\datafactory-0.8.jar;C:\Repositories\surveyor-qa\selenium-wd\lib\junit-dataprovider-1.10.2.jar;C:\Repositories\surveyor-qa\selenium-wd\lib\extentreports-java-2.40.1.jar;C:\Repositories\surveyor-qa\selenium-wd\lib\jsoup-1.8.3.jar;C:\Repositories\surveyor-qa\selenium-wd\lib\freemarker-2.3.23.jar;C:\Repositories\surveyor-qa\selenium-wd\lib\browsermob-dist-2.1.0-beta-4.jar;C:\Repositories\surveyor-qa\selenium-wd\lib\shapefilereader-1.0.jar;C:\Repositories\surveyor-qa\selenium-wd\lib\httpclient-4.5.1.jar;C:\Repositories\surveyor-qa\selenium-wd\lib\httpclient-cache-4.5.1.jar;C:\Repositories\surveyor-qa\selenium-wd\lib\httpclient-win-4.5.1.jar;C:\Repositories\surveyor-qa\selenium-wd\lib\httpcore-4.4.3.jar;C:\Repositories\surveyor-qa\selenium-wd\lib\ht
Launcher Type: SUN_STANDARD

Environment Variables:
JAVA_HOME=C:\Program Files\Java\jdk1.8.0_73
USERNAME=sxiang
OS=Windows_NT
PROCESSOR_IDENTIFIER=Intel64 Family 6 Model 61 Stepping 4, GenuineIntel



---------------  S Y S T E M  ---------------

OS: Windows 7 , 64 bit Build 7601 (6.1.7601.23572)

CPU:total 4 (2 cores per cpu, 2 threads per core) family 6 model 61 stepping 4, cmov, cx8, fxsr, mmx, sse, sse2, sse3, ssse3, sse4.1, sse4.2, popcnt, avx, avx2, aes, clmul, erms, rtm, 3dnowpref, lzcnt, ht, tsc, tscinvbit, bmi1, bmi2, adx

Memory: 4k page, physical 16649328k(6043224k free), swap 33296796k(20250068k free)

vm_info: Java HotSpot(TM) 64-Bit Server VM (25.73-b02) for windows-amd64 JRE (1.8.0_73-b02), built on Jan 29 2016 17:38:49 by "java_re" with MS VC++ 10.0 (VS2010)

time: Fri Jul 21 11:28:09 2017
elapsed time: 379 seconds (0d 0h 6m 19s)

